<?xml version="1.0" encoding="UTF-8"?>
<testsuite xmlns:xsi="http://www.w3.org/2001/XMLSchema-instance" xsi:noNamespaceSchemaLocation="https://maven.apache.org/surefire/maven-surefire-plugin/xsd/surefire-test-report.xsd" version="3.0.2" name="com.kamali.kamali.KamaliApplicationTests" time="4.642" tests="1" errors="0" skipped="0" failures="0" flakes="0">
  <properties>
[...]
</properties>
  <testcase name="contextLoads" classname="com.kamali.kamali.KamaliApplicationTests" time="1.678">
    <system-out><![CDATA[08:59:44.857 [main] INFO org.springframework.test.context.support.AnnotationConfigContextLoaderUtils -- Could not detect default configuration classes for test class [com.kamali.kamali.KamaliApplicationTests]: KamaliApplicationTests does not declare any static, non-private, non-final, nested classes annotated with @Configuration.
08:59:45.125 [main] INFO org.springframework.boot.test.context.SpringBootTestContextBootstrapper -- Found @SpringBootConfiguration com.kamali.kamali.KamaliApplication for test class com.kamali.kamali.KamaliApplicationTests
08:59:45.335 [main] INFO org.springframework.test.context.support.AnnotationConfigContextLoaderUtils -- Could not detect default configuration classes for test class [com.kamali.kamali.KamaliApplicationTests]: KamaliApplicationTests does not declare any static, non-private, non-final, nested classes annotated with @Configuration.
08:59:45.338 [main] INFO org.springframework.boot.test.context.SpringBootTestContextBootstrapper -- Found @SpringBootConfiguration com.kamali.kamali.KamaliApplication for test class com.kamali.kamali.KamaliApplicationTests

  .   ____          _            __ _ _
 /\\ / ___'_ __ _ _(_)_ __  __ _ \ \ \ \
( ( )\___ | '_ | '_| | '_ \/ _` | \ \ \ \
 \\/  ___)| |_)| | | | | || (_| |  ) ) ) )
  '  |____| .__|_| |_|_| |_\__, | / / / /
 =========|_|==============|___/=/_/_/_/

 :: Spring Boot ::                (v4.1.1)

2026-09-17T08:59:45.949+05:30  INFO 3664 --- [kamali] [           main] c.kamali.kamali.KamaliApplicationTests   : Starting KamaliApplicationTests using Java 17.0.20.1 with PID 3664 (started by kamal in C:\Users\kamal\OneDrive\Desktop\JAVA AND DBMS PROJECT\JAVA DBMS PROJECT)
2026-09-17T08:59:45.951+05:30  INFO 3664 --- [kamali] [           main] c.kamali.kamali.KamaliApplicationTests   : No active profile set, falling back to 1 default profile: "default"
2026-09-17T08:59:47.418+05:30  INFO 3664 --- [kamali] [           main] c.kamali.kamali.KamaliApplicationTests   : Started KamaliApplicationTests in 1.942 seconds (process running for 4.198)
]]></system-out>
  </testcase>
</testsuite>